<?xml version="1.0" encoding="UTF-8"?>
<testng-results skipped="0" failed="0" total="1" passed="1">
  <reporter-output>
  </reporter-output>
  <suite name="Default suite" duration-ms="53810" started-at="2020-12-30T12:46:45Z" finished-at="2020-12-30T12:47:38Z">
    <groups>
    </groups>
    <test name="Default test" duration-ms="53810" started-at="2020-12-30T12:46:45Z" finished-at="2020-12-30T12:47:38Z">
      <class name="testcase.TC001_iceHrmAttendenceTest">
        <test-method status="PASS" signature="launchApplication(org.testng.ITestContext)[pri:0, instance:testcase.TC001_iceHrmAttendenceTest@27efef64]" name="launchApplication" is-config="true" duration-ms="29582" started-at="2020-12-30T18:16:15Z" finished-at="2020-12-30T18:16:45Z">
          <params>
            <param index="0">
              <value>
                <![CDATA[org.testng.TestRunner@6c518474]]>
              </value>
            </param>
          </params>
          <reporter-output>
          </reporter-output>
        </test-method> <!-- launchApplication -->
        <test-method status="PASS" signature="icehrmAttendenceTest()[pri:0, instance:testcase.TC001_iceHrmAttendenceTest@27efef64]" name="icehrmAttendenceTest" duration-ms="53791" started-at="2020-12-30T18:16:45Z" finished-at="2020-12-30T18:17:38Z">
          <reporter-output>
          </reporter-output>
        </test-method> <!-- icehrmAttendenceTest -->
        <test-method status="PASS" signature="closeBrowser()[pri:0, instance:testcase.TC001_iceHrmAttendenceTest@27efef64]" name="closeBrowser" is-config="true" duration-ms="1122" started-at="2020-12-30T18:17:38Z" finished-at="2020-12-30T18:17:40Z">
          <reporter-output>
          </reporter-output>
        </test-method> <!-- closeBrowser -->
      </class> <!-- testcase.TC001_iceHrmAttendenceTest -->
    </test> <!-- Default test -->
  </suite> <!-- Default suite -->
</testng-results>
